[2022-12-02 23:01:53.937] [error] TypeError: Object has been destroyed
    at WindowMain.<anonymous> (/usr/lib/bitwarden/app.asar/main.js:50014:36)
    at Generator.next (<anonymous>)
    at /usr/lib/bitwarden/app.asar/main.js:49828:71
    at new Promise (<anonymous>)
    at window_main_awaiter (/usr/lib/bitwarden/app.asar/main.js:49824:12)
    at WindowMain.updateWindowState (/usr/lib/bitwarden/app.asar/main.js:50009:16)
    at WindowMain.<anonymous> (/usr/lib/bitwarden/app.asar/main.js:49963:28)
    at Generator.next (<anonymous>)
    at /usr/lib/bitwarden/app.asar/main.js:49828:71
    at new Promise (<anonymous>)
[2022-12-10 17:57:57.645] [error] TypeError: Object has been destroyed
    at WindowMain.<anonymous> (/usr/lib/bitwarden/app.asar/main.js:50014:36)
    at Generator.next (<anonymous>)
    at /usr/lib/bitwarden/app.asar/main.js:49828:71
    at new Promise (<anonymous>)
    at window_main_awaiter (/usr/lib/bitwarden/app.asar/main.js:49824:12)
    at WindowMain.updateWindowState (/usr/lib/bitwarden/app.asar/main.js:50009:16)
    at WindowMain.<anonymous> (/usr/lib/bitwarden/app.asar/main.js:49963:28)
    at Generator.next (<anonymous>)
    at /usr/lib/bitwarden/app.asar/main.js:49828:71
    at new Promise (<anonymous>)
