[2022-11-03 15:14:57.686] [error] {
  response: {
    error: 'invalid_grant',
    error_description: 'invalid_username_or_password',
    ErrorModel: {
      Message: 'Username or password is incorrect. Try again.',
      Object: 'error'
    },
    CaptchaBypassToken: 'BWCaptchaBypass_CfDJ8HIETCjeEQlBkOsXw6HQ3d_6AesS30tZCzvi21NQTogjUZhugU_3dBcqbaOWFASsgVINriyat7nqAK9OVRmRh_LZ06ezIeL8yEHiMGL5mXACtd8nEav07ai_9OnT5utzhpOwPd-rs1blGljUQp9wmSfuBsMuPgz8658wS1E6v6BxiVlo20mUA7d9VG79We6T8hMOXza26i2hxwXWAwWk2ObNq2clUR2sMoX0OMQ_ggqV_E5XYLpGjvhIHwWpXh0Upuv0bNG2tY_LWoA2FPq3M_EGUsvh52uW3eVHNALDPGcZyaY_NRihsxb54WDnTcY-Pw'
  },
  message: 'Username or password is incorrect. Try again.',
  captchaRequired: false,
  statusCode: 400
}
[2022-11-03 15:14:57.695] [error] Received API exception: [object Object]
[2022-11-03 15:15:21.000] [error] {
  response: {
    error: 'invalid_grant',
    error_description: 'invalid_username_or_password',
    ErrorModel: {
      Message: 'Captcha is invalid. Please refresh and try again',
      Object: 'error'
    }
  },
  message: 'Captcha is invalid. Please refresh and try again',
  captchaRequired: false,
  statusCode: 400
}
[2022-11-03 15:15:21.001] [error] Received API exception: [object Object]
[2022-11-03 15:16:10.765] [error] {
  response: {
    error: 'invalid_grant',
    error_description: 'invalid_username_or_password',
    ErrorModel: {
      Message: 'Username or password is incorrect. Try again.',
      Object: 'error'
    },
    CaptchaBypassToken: 'BWCaptchaBypass_CfDJ8HIETCjeEQlBkOsXw6HQ3d-hiB-wGS55ygI9rt7Or8pUrxS8dkkVUDYfgZMzXXEPnRpdHP7-tRd3zaCjO1O95pqyA4eoUNnzg92-5PM0zfO-G7CiIijylEOoS7r1GyeLuz2lI9vSCpsv12csNQI49azMgicq-8tNgUZU-XevMdrm6C0W_kxE5zurSdJdLQoVTs3F-SWESqEHOqYEbcJD8WFhArjeFRRktaviPKigOE7g0dBeJwHtbLsb991CjfjZW8R18DsILUjpKsWRvCCuRuWNmyVD4YaBLaGL2ezyKC1tt4vsc6sCEfSF27fuDZpG7w'
  },
  message: 'Username or password is incorrect. Try again.',
  captchaRequired: false,
  statusCode: 400
}
[2022-11-03 15:16:10.767] [error] Received API exception: [object Object]
[2022-11-03 15:16:33.191] [error] {
  response: {
    error: 'invalid_grant',
    error_description: 'invalid_username_or_password',
    ErrorModel: {
      Message: 'Username or password is incorrect. Try again.',
      Object: 'error'
    }
  },
  message: 'Username or password is incorrect. Try again.',
  captchaRequired: false,
  statusCode: 400
}
[2022-11-03 15:16:33.193] [error] Received API exception: [object Object]
[2022-12-10 17:57:22.172] [info]  Finished search indexing
[2022-12-10 17:57:23.462] [info]  Finished search indexing
