[Tuesday/July 26/07/2022 10:53:32] [MTBB] Yahari Ore no Seishun Love Comedy wa Machigatteiru. Zoku - 11 [AF989EF9].mkv | length=1450.793 | time=565.732
[Tuesday/July 26/07/2022 11:37:19] [MTBB] Yahari Ore no Seishun Love Comedy wa Machigatteiru. Zoku - 11 [AF989EF9].mkv | length=1450.793 | time=1450.793
[Tuesday/July 26/07/2022 12:05:34] [MTBB] Yahari Ore no Seishun Love Comedy wa Machigatteiru. Zoku - 12 [44244D2D].mkv | length=1451.274 | time=1451.274667
[Tuesday/July 26/07/2022 12:31:40] [MTBB] Yahari Ore no Seishun Love Comedy wa Machigatteiru. Zoku - 13 [DE9B7B06].mkv | length=1420.926 | time=1420.926667
[Tuesday/July 26/07/2022 16:09:15] [MTBB] Yahari Ore no Seishun Love Comedy wa Machigatteiru. Kan - 01 [CB28DBCA].mkv | length=1446.122 | time=732.44
[Tuesday/July 26/07/2022 16:15:17] /home/estebiu/Recordings/2022-07-26 16-13-46.mkv | length=25.633 | time=25.621333333334
[Tuesday/July 26/07/2022 16:20:31] [MTBB] Yahari Ore no Seishun Love Comedy wa Machigatteiru. Kan - 02 [69464135].mkv | length=1446.122 | time=15.849
[Tuesday/July 26/07/2022 16:43:13] [MTBB] Yahari Ore no Seishun Love Comedy wa Machigatteiru. Kan - 01 [CB28DBCA].mkv | length=1446.122 | time=1446.1230003337
[Tuesday/July 26/07/2022 17:10:13] [MTBB] Yahari Ore no Seishun Love Comedy wa Machigatteiru. Kan - 02 [69464135].mkv | length=1446.122 | time=1446.1223333335
[Tuesday/July 26/07/2022 18:13:30] [MTBB] Yahari Ore no Seishun Love Comedy wa Machigatteiru. Kan - 03 [A6DD6DE2].mkv | length=1446.122 | time=1446.1230003337
[Tuesday/July 26/07/2022 18:39:24] [MTBB] Yahari Ore no Seishun Love Comedy wa Machigatteiru. Kan - 04 [FDE72D8E].mkv | length=1446.122 | time=1446.1230003334
[Tuesday/July 26/07/2022 19:18:46] [MTBB] Yahari Ore no Seishun Love Comedy wa Machigatteiru. Kan - 05 [E572F7B6].mkv | length=1446.123 | time=1446.1230003337
[Tuesday/July 26/07/2022 19:18:47] [MTBB] Yahari Ore no Seishun Love Comedy wa Machigatteiru. Kan - 06 [35CA1665].mkv | length=1447.04 | time=0
[Tuesday/July 26/07/2022 22:09:49] /home/estebiu/Downloads/Kotatogram Desktop/video_2022-07-26_22-09-31.mp4 | length=15.417778 | time=15.418049886621
[Wednesday/July 27/07/2022 15:11:10] [MTBB] Yahari Ore no Seishun Love Comedy wa Machigatteiru. Kan - 06 [35CA1665].mkv | length=1447.04 | time=1446.1308621063
[Wednesday/July 27/07/2022 15:31:17] [MTBB] Yahari Ore no Seishun Love Comedy wa Machigatteiru. Kan - 07 [F029C21A].mkv | length=1446.123 | time=1446.1223333334
[Wednesday/July 27/07/2022 15:54:03] [MTBB] Yahari Ore no Seishun Love Comedy wa Machigatteiru. Kan - 08 [6B3C2D95].mkv | length=1447.42 | time=1446.1226666674
[Wednesday/July 27/07/2022 16:20:56] [MTBB] Yahari Ore no Seishun Love Comedy wa Machigatteiru. Kan - 09 [206B1794].mkv | length=1447.19 | time=1446.1321237762
[Wednesday/July 27/07/2022 16:40:28] [MTBB] Yahari Ore no Seishun Love Comedy wa Machigatteiru. Kan - 10 [A036CACD].mkv | length=1447.02 | time=1446.1468150443
[Wednesday/July 27/07/2022 17:43:41] [MTBB] Yahari Ore no Seishun Love Comedy wa Machigatteiru. Kan - 11 [3C2A3CA9].mkv | length=1446.122 | time=866.407
[Wednesday/July 27/07/2022 17:53:59] [MTBB] Yahari Ore no Seishun Love Comedy wa Machigatteiru. Kan - 11 [3C2A3CA9].mkv | length=1446.122 | time=1446.1223333336
[Wednesday/July 27/07/2022 17:54:00] [MTBB] Yahari Ore no Seishun Love Comedy wa Machigatteiru. Kan - 12 [D14B2983].mkv | length=1431.9 | time=0
[Wednesday/July 27/07/2022 17:59:54] /home/estebiu/Downloads/Kotatogram Desktop/video_2022-07-27_17-59-26.mp4 | length=28.838889 | time=25.8
[Wednesday/July 27/07/2022 18:07:31] /home/estebiu/Downloads/Kotatogram Desktop/video_2022-07-27_18-07-20.mp4 | length=3.946667 | time=3.4542111111111
[Wednesday/July 27/07/2022 18:17:57] /home/estebiu/Downloads/Kotatogram Desktop/video_2022-07-27_18-17-49.mp4 | length=9.565556 | time=6.6
[Wednesday/July 27/07/2022 18:18:11] /home/estebiu/Downloads/Kotatogram Desktop/video_2022-07-27_18-00-18.mp4 | length=11.772222 | time=8.8
[Wednesday/July 27/07/2022 18:27:34] [MTBB] Yahari Ore no Seishun Love Comedy wa Machigatteiru. Kan - 12 [D14B2983].mkv | length=1431.9 | time=1431.1036666667
[Wednesday/July 27/07/2022 19:25:52] a3/[ShadyCrab] Shinsekai Yori (From the New World) [BD 1080p Hi10 FLAC] [Dual Audio]/[ShadyCrab] From the New World - S01E01 [BD][1080p][Hi10][Dual][54CCB212].mkv | length=1361.987 | time=1361.0303336667
[Wednesday/July 27/07/2022 19:50:32] a3/[ShadyCrab] Shinsekai Yori (From the New World) [BD 1080p Hi10 FLAC] [Dual Audio]/[ShadyCrab] From the New World - S01E02 [BD][1080p][Hi10][Dual][648E0D01].mkv | length=1361.987 | time=1361.070667
[Wednesday/July 27/07/2022 20:02:05] a3/[ShadyCrab] Shinsekai Yori (From the New World) [BD 1080p Hi10 FLAC] [Dual Audio]/[ShadyCrab] From the New World - S01E03 [BD][1080p][Hi10][Dual][E5D8220E].mkv | length=1361.987 | time=602.31
[Wednesday/July 27/07/2022 21:45:11] a3/[ShadyCrab] Shinsekai Yori (From the New World) [BD 1080p Hi10 FLAC] [Dual Audio]/[ShadyCrab] From the New World - S01E03 [BD][1080p][Hi10][Dual][E5D8220E].mkv | length=1361.987 | time=1361.0300000003
[Wednesday/July 27/07/2022 22:11:30] a3/[ShadyCrab] Shinsekai Yori (From the New World) [BD 1080p Hi10 FLAC] [Dual Audio]/[ShadyCrab] From the New World - S01E04 [BD][1080p][Hi10][Dual][ED9E5F67].mkv | length=1361.987 | time=1264.138
[Wednesday/July 27/07/2022 22:13:20] a3/[ShadyCrab] Shinsekai Yori (From the New World) [BD 1080p Hi10 FLAC] [Dual Audio]/[ShadyCrab] From the New World - S01E04 [BD][1080p][Hi10][Dual][ED9E5F67].mkv | length=1361.987 | time=1361.0293333333
[Wednesday/July 27/07/2022 22:36:53] a3/[ShadyCrab] Shinsekai Yori (From the New World) [BD 1080p Hi10 FLAC] [Dual Audio]/[ShadyCrab] From the New World - S01E05 [BD][1080p][Hi10][Dual][1DDA8F01].mkv | length=1361.987 | time=1361.1103336667
[Wednesday/July 27/07/2022 23:00:34] a3/[ShadyCrab] Shinsekai Yori (From the New World) [BD 1080p Hi10 FLAC] [Dual Audio]/[ShadyCrab] From the New World - S01E06 [BD][1080p][Hi10][Dual][4F135EC9].mkv | length=1361.987 | time=1361.0303336667
[Wednesday/July 27/07/2022 23:23:27] a3/[ShadyCrab] Shinsekai Yori (From the New World) [BD 1080p Hi10 FLAC] [Dual Audio]/[ShadyCrab] From the New World - S01E07 [BD][1080p][Hi10][Dual][C4B5F705].mkv | length=1361.987 | time=1361.0300000004
[Wednesday/July 27/07/2022 23:52:55] a3/[ShadyCrab] Shinsekai Yori (From the New World) [BD 1080p Hi10 FLAC] [Dual Audio]/[ShadyCrab] From the New World - S01E08 [BD][1080p][Hi10][Dual][A7F76E8D].mkv | length=1361.987 | time=1361.0296666667
[Thursday/July 28/07/2022 00:18:18] a3/[ShadyCrab] Shinsekai Yori (From the New World) [BD 1080p Hi10 FLAC] [Dual Audio]/[ShadyCrab] From the New World - S01E09 [BD][1080p][Hi10][Dual][8A7F16BC].mkv | length=1361.987 | time=1361.0296666667
[Thursday/July 28/07/2022 10:56:44] a3/[ShadyCrab] Shinsekai Yori (From the New World) [BD 1080p Hi10 FLAC] [Dual Audio]/[ShadyCrab] From the New World - S01E10 [BD][1080p][Hi10][Dual][8850F27D].mkv | length=1361.987 | time=326.284
[Thursday/July 28/07/2022 14:11:08] a3/[ShadyCrab] Shinsekai Yori (From the New World) [BD 1080p Hi10 FLAC] [Dual Audio]/[ShadyCrab] From the New World - S01E10 [BD][1080p][Hi10][Dual][8850F27D].mkv | length=1361.987 | time=0
[Thursday/July 28/07/2022 14:12:01] /home/estebiu/a2/GJM/[GJM-Kaleido] Spy x Family - 06 (WEB 1080p) [7F986A63].mkv | length=1450.005 | time=1398.314
[Thursday/July 28/07/2022 14:32:26] a3/[ShadyCrab] Shinsekai Yori (From the New World) [BD 1080p Hi10 FLAC] [Dual Audio]/[ShadyCrab] From the New World - S01E10 [BD][1080p][Hi10][Dual][8850F27D].mkv | length=1361.987 | time=1361.0700000002
[Thursday/July 28/07/2022 14:55:45] a3/[ShadyCrab] Shinsekai Yori (From the New World) [BD 1080p Hi10 FLAC] [Dual Audio]/[ShadyCrab] From the New World - S01E11 [BD][1080p][Hi10][Dual][C7349437].mkv | length=1361.987 | time=1361.0703336667
[Thursday/July 28/07/2022 14:55:48] a3/[ShadyCrab] Shinsekai Yori (From the New World) [BD 1080p Hi10 FLAC] [Dual Audio]/[ShadyCrab] From the New World - S01E12 [BD][1080p][Hi10][Dual][DBE8E883].mkv | length=1361.987 | time=0
[Thursday/July 28/07/2022 15:18:40] a3/L'attacco dei giganti S4 - Shingeki no kyojin S4 The Final Season Part 1 (2020) [BluRay.1080p.x264.FLAC.ITA.JPN.ENG.Subs.Ita.Eng] by stress/L'attacco dei giganti - 4x01 (60) - Al di là del mare - 1080p by stress.mkv | length=1437.034 | time=0
[Thursday/July 28/07/2022 15:21:24] a3/[ShadyCrab] Shinsekai Yori (From the New World) [BD 1080p Hi10 FLAC] [Dual Audio]/[ShadyCrab] From the New World - S01E12 [BD][1080p][Hi10][Dual][DBE8E883].mkv | length=1361.987 | time=1360.9846666667
[Thursday/July 28/07/2022 15:45:41] a3/[ShadyCrab] Shinsekai Yori (From the New World) [BD 1080p Hi10 FLAC] [Dual Audio]/[ShadyCrab] From the New World - S01E13 [BD][1080p][Hi10][Dual][39B9B63F].mkv | length=1361.987 | time=1361.0303336667
[Thursday/July 28/07/2022 16:10:36] a3/[ShadyCrab] Shinsekai Yori (From the New World) [BD 1080p Hi10 FLAC] [Dual Audio]/[ShadyCrab] From the New World - S01E14 [BD][1080p][Hi10][Dual][ADC78713].mkv | length=1433.368 | time=1361.0303336667
[Thursday/July 28/07/2022 16:19:28] a3/[ShadyCrab] Shinsekai Yori (From the New World) [BD 1080p Hi10 FLAC] [Dual Audio]/[ShadyCrab] From the New World - S01E15 [BD][1080p][Hi10][Dual][AAA58683].mkv | length=1433.367 | time=391.474
